<?xml version="1.0" encoding="UTF-8"?>
<!-- Generated by org.testng.reporters.JUnitReportReporter -->
<testsuite hostname="SHALIVAN-KHANDRE" failures="0" tests="1" name="pROGRAMs.suggestion2" time="11.548" errors="0" timestamp="2023-02-25T11:36:49 IST" skipped="0">
  <testcase classname="pROGRAMs.suggestion2" name="sug" time="11.548"/>
  <system-out/>
</testsuite> <!-- pROGRAMs.suggestion2 -->
