<?xml version="1.0" encoding="UTF-8"?>
<!-- Generated by org.testng.reporters.JUnitReportReporter -->
<testsuite hostname="SHALIVAN-KHANDRE" failures="0" tests="1" name="api.practice.IccCriclet" time="78.963" errors="0" timestamp="2022-10-17T15:30:31 IST" skipped="0">
  <testcase classname="api.practice.IccCriclet" name="rankingDropdown" time="78.963"/>
  <system-out/>
</testsuite> <!-- api.practice.IccCriclet -->
