<?xml version="1.0" encoding="UTF-8"?>
<!-- Generated by org.testng.reporters.JUnitReportReporter -->
<testsuite hostname="SHALIVAN-KHANDRE" failures="0" tests="1" name="stringPrograms.Sagrigate" time="0.018" errors="0" timestamp="2022-10-11T11:31:27 IST" skipped="0">
  <testcase classname="stringPrograms.Sagrigate" name="sagrigate" time="0.018"/>
  <system-out/>
</testsuite> <!-- stringPrograms.Sagrigate -->
