<?xml version="1.0" encoding="UTF-8"?>
<!-- Generated by org.testng.reporters.JUnitReportReporter -->
<testsuite hostname="SHALIVAN-KHANDRE" failures="0" tests="1" name="org.javaprogrammings.Sepe" time="0.030" errors="0" timestamp="2022-10-09T13:44:24 IST" skipped="0">
  <testcase classname="org.javaprogrammings.Sepe" name="seperate" time="0.030"/>
  <system-out/>
</testsuite> <!-- org.javaprogrammings.Sepe -->
