<?xml version="1.0" encoding="UTF-8"?>
<!-- Generated by org.testng.reporters.JUnitReportReporter -->
<testsuite hostname="SHALIVAN-KHANDRE" failures="0" tests="1" name="stringPrograms.Factorial" time="6.084" errors="0" timestamp="2022-10-11T16:06:48 IST" skipped="0">
  <testcase classname="stringPrograms.Factorial" name="min" time="6.084"/>
  <system-out/>
</testsuite> <!-- stringPrograms.Factorial -->
