<?xml version="1.0" encoding="UTF-8"?>
<!-- Generated by org.testng.reporters.JUnitReportReporter -->
<testsuite hostname="SHALIVAN-KHANDRE" failures="0" tests="1" name="api.practice.YourStore" time="19.804" errors="0" timestamp="2022-10-18T14:39:16 IST" skipped="0">
  <testcase classname="api.practice.YourStore" name="main" time="19.804"/>
  <system-out/>
</testsuite> <!-- api.practice.YourStore -->
