<?xml version="1.0" encoding="UTF-8"?>
<!-- Generated by org.testng.reporters.JUnitReportReporter -->
<testsuite hostname="SHALIVAN-KHANDRE" failures="0" tests="1" name="org.patterns.Print12345andDescnd" time="0.016" errors="0" timestamp="2023-02-17T13:12:09 IST" skipped="0">
  <testcase classname="org.patterns.Print12345andDescnd" name="main" time="0.016"/>
  <system-out/>
</testsuite> <!-- org.patterns.Print12345andDescnd -->
