<?xml version="1.0" encoding="UTF-8"?>
<!-- Generated by org.testng.reporters.JUnitReportReporter -->
<testsuite hostname="SHALIVAN-KHANDRE" failures="0" tests="1" name="org.javaprogrammings.PrimeNumber" time="0.015" errors="0" timestamp="2022-10-12T10:43:01 IST" skipped="0">
  <testcase classname="org.javaprogrammings.PrimeNumber" name="main1" time="0.015"/>
  <system-out/>
</testsuite> <!-- org.javaprogrammings.PrimeNumber -->
