<?xml version="1.0" encoding="UTF-8"?>
<!-- Generated by org.testng.reporters.JUnitReportReporter -->
<testsuite hostname="SHALIVAN-KHANDRE" failures="0" tests="1" name="api.practice.NotificationPopup" time="14.804" errors="0" timestamp="2022-10-18T23:30:12 IST" skipped="0">
  <testcase classname="api.practice.NotificationPopup" name="notification" time="14.804"/>
  <system-out/>
</testsuite> <!-- api.practice.NotificationPopup -->
