<?xml version="1.0" encoding="UTF-8"?>
<!-- Generated by org.testng.reporters.JUnitReportReporter -->
<testsuite hostname="SHALIVAN-KHANDRE" failures="0" tests="1" name="practice.Reverse" time="0.023" errors="0" timestamp="2023-02-07T15:52:02 IST" skipped="0">
  <testcase classname="practice.Reverse" name="main" time="0.023"/>
  <system-out/>
</testsuite> <!-- practice.Reverse -->
