<?xml version="1.0" encoding="UTF-8"?>
<!-- Generated by org.testng.reporters.JUnitReportReporter -->
<testsuite hostname="SHALIVAN-KHANDRE" failures="0" tests="1" name="api.practice.Flipkart2" time="109.332" errors="0" timestamp="2022-10-19T16:12:22 IST" skipped="0">
  <testcase classname="api.practice.Flipkart2" name="main" time="109.332"/>
  <system-out/>
</testsuite> <!-- api.practice.Flipkart2 -->
