<?xml version="1.0" encoding="UTF-8"?>
<!-- Generated by org.testng.reporters.JUnitReportReporter -->
<testsuite hostname="SHALIVAN-KHANDRE" failures="0" tests="1" name="pROGRAMs.snapdeal12" time="14.697" errors="0" timestamp="2023-02-26T01:07:50 IST" skipped="0">
  <testcase classname="pROGRAMs.snapdeal12" name="sp2" time="14.697"/>
  <system-out/>
</testsuite> <!-- pROGRAMs.snapdeal12 -->
