<?xml version="1.0" encoding="UTF-8"?>
<!-- Generated by org.testng.reporters.JUnitReportReporter -->
<testsuite hostname="SHALIVAN-KHANDRE" failures="0" tests="1" name="stringPrograms.StringPalindrome" time="0.016" errors="0" timestamp="2022-10-10T11:31:15 IST" skipped="0">
  <testcase classname="stringPrograms.StringPalindrome" name="palindrome" time="0.016"/>
  <system-out/>
</testsuite> <!-- stringPrograms.StringPalindrome -->
