<?xml version="1.0" encoding="UTF-8"?>
<!-- Generated by org.testng.reporters.JUnitReportReporter -->
<testsuite hostname="SHALIVAN-KHANDRE" failures="0" tests="1" name="pROGRAMs.HIII" time="0.021" errors="0" timestamp="2023-02-16T22:20:18 IST" skipped="0">
  <testcase classname="pROGRAMs.HIII" name="String" time="0.021"/>
  <system-out/>
</testsuite> <!-- pROGRAMs.HIII -->
