<?xml version="1.0" encoding="UTF-8"?>
<!-- Generated by org.testng.reporters.JUnitReportReporter -->
<testsuite hostname="SHALIVAN-KHANDRE" failures="0" tests="1" name="api.practice.Flipkart3" time="32.088" errors="0" timestamp="2022-10-20T12:20:10 IST" skipped="0">
  <testcase classname="api.practice.Flipkart3" name="main" time="32.088"/>
  <system-out/>
</testsuite> <!-- api.practice.Flipkart3 -->
