<?xml version="1.0" encoding="UTF-8"?>
<!-- Generated by org.testng.reporters.JUnitReportReporter -->
<testsuite hostname="SHALIVAN-KHANDRE" failures="0" tests="1" name="stringPrograms.PositioninGivenString" time="0.024" errors="0" timestamp="2023-02-11T23:18:24 IST" skipped="0">
  <testcase classname="stringPrograms.PositioninGivenString" name="remove" time="0.024"/>
  <system-out/>
</testsuite> <!-- stringPrograms.PositioninGivenString -->
