<?xml version="1.0" encoding="UTF-8"?>
<!-- Generated by org.testng.reporters.JUnitReportReporter -->
<testsuite hostname="SHALIVAN-KHANDRE" failures="0" tests="1" name="stringPrograms.PrintVowels" time="0.018" errors="0" timestamp="2023-02-20T10:49:31 IST" skipped="0">
  <testcase classname="stringPrograms.PrintVowels" name="vowels" time="0.018"/>
  <system-out/>
</testsuite> <!-- stringPrograms.PrintVowels -->
