<?xml version="1.0" encoding="UTF-8"?>
<!-- Generated by org.testng.reporters.JUnitReportReporter -->
<testsuite hostname="SHALIVAN-KHANDRE" failures="0" tests="1" name="pROGRAMs.String1" time="0.031" errors="0" timestamp="2023-02-03T19:15:59 IST" skipped="0">
  <testcase classname="pROGRAMs.String1" name="s7" time="0.031"/>
  <system-out/>
</testsuite> <!-- pROGRAMs.String1 -->
