<?xml version="1.0" encoding="UTF-8"?>
<!-- Generated by org.testng.reporters.JUnitReportReporter -->
<testsuite hostname="SHALIVAN-KHANDRE" failures="0" tests="1" name="api.practice.Youtube" time="150.262" errors="0" timestamp="2022-10-17T12:54:33 IST" skipped="0">
  <testcase classname="api.practice.Youtube" name="playSong" time="150.262"/>
  <system-out/>
</testsuite> <!-- api.practice.Youtube -->
