<?xml version="1.0" encoding="UTF-8"?>
<!-- Generated by org.testng.reporters.JUnitReportReporter -->
<testsuite hostname="SHALIVAN-KHANDRE" failures="0" tests="1" name="stringPrograms.PositionReverseOeder" time="0.023" errors="0" timestamp="2023-02-11T23:19:09 IST" skipped="0">
  <testcase classname="stringPrograms.PositionReverseOeder" name="printUniqueValues" time="0.023"/>
  <system-out/>
</testsuite> <!-- stringPrograms.PositionReverseOeder -->
