<?xml version="1.0" encoding="UTF-8"?>
<!-- Generated by org.testng.reporters.JUnitReportReporter -->
<testsuite hostname="SHALIVAN-KHANDRE" failures="0" tests="1" name="pROGRAMs.flipkart" time="13.574" errors="0" timestamp="2023-02-07T23:23:53 IST" skipped="0">
  <testcase classname="pROGRAMs.flipkart" name="flip" time="13.574"/>
  <system-out/>
</testsuite> <!-- pROGRAMs.flipkart -->
