<?xml version="1.0" encoding="UTF-8"?>
<!-- Generated by org.testng.reporters.JUnitReportReporter -->
<testsuite hostname="SHALIVAN-KHANDRE" failures="0" tests="1" name="api.practice.AddDiagonal" time="0.015" errors="0" timestamp="2022-10-18T17:38:37 IST" skipped="0">
  <testcase classname="api.practice.AddDiagonal" name="add" time="0.015"/>
  <system-out/>
</testsuite> <!-- api.practice.AddDiagonal -->
