<?xml version="1.0" encoding="UTF-8"?>
<!-- Generated by org.testng.reporters.JUnitReportReporter -->
<testsuite hostname="SHALIVAN-KHANDRE" failures="0" tests="1" name="pROGRAMs.String231" time="0.021" errors="0" timestamp="2023-03-02T12:51:31 IST" skipped="0">
  <testcase classname="pROGRAMs.String231" name="st2" time="0.021"/>
  <system-out/>
</testsuite> <!-- pROGRAMs.String231 -->
