<?xml version="1.0" encoding="UTF-8"?>
<!-- Generated by org.testng.reporters.JUnitReportReporter -->
<testsuite hostname="SHALIVAN-KHANDRE" failures="0" tests="1" name="stringPrograms.RemoveDuplicatesinWords" time="0.017" errors="0" timestamp="2023-02-08T00:02:00 IST" skipped="0">
  <testcase classname="stringPrograms.RemoveDuplicatesinWords" name="remove" time="0.017"/>
  <system-out/>
</testsuite> <!-- stringPrograms.RemoveDuplicatesinWords -->
