<?xml version="1.0" encoding="UTF-8"?>
<!-- Generated by org.testng.reporters.JUnitReportReporter -->
<testsuite hostname="SHALIVAN-KHANDRE" failures="0" tests="1" name="org.javaprogrammings.FirstMaxAndFristMin" time="0.018" errors="0" timestamp="2022-10-06T20:45:41 IST" skipped="0">
  <testcase classname="org.javaprogrammings.FirstMaxAndFristMin" name="firstMaxMin" time="0.018"/>
  <system-out/>
</testsuite> <!-- org.javaprogrammings.FirstMaxAndFristMin -->
