<?xml version="1.0" encoding="UTF-8"?>
<!-- Generated by org.testng.reporters.JUnitReportReporter -->
<testsuite hostname="SHALIVAN-KHANDRE" failures="0" tests="1" name="stringPrograms.RemoveTheDulpicateWords" time="0.019" errors="0" timestamp="2022-10-12T22:56:39 IST" skipped="0">
  <testcase classname="stringPrograms.RemoveTheDulpicateWords" name="remove" time="0.019"/>
  <system-out/>
</testsuite> <!-- stringPrograms.RemoveTheDulpicateWords -->
