<?xml version="1.0" encoding="UTF-8"?>
<!-- Generated by org.testng.reporters.JUnitReportReporter -->
<testsuite hostname="SHALIVAN-KHANDRE" failures="0" tests="1" name="pROGRAMs.Anagram" time="0.023" errors="0" timestamp="2023-02-20T12:47:26 IST" skipped="0">
  <testcase classname="pROGRAMs.Anagram" name="String" time="0.023"/>
  <system-out/>
</testsuite> <!-- pROGRAMs.Anagram -->
