<?xml version="1.0" encoding="UTF-8"?>
<!-- Generated by org.testng.reporters.JUnitReportReporter -->
<testsuite hostname="SHALIVAN-KHANDRE" failures="0" tests="1" name="org.javaprogrammings.FandSMinNo" time="0.018" errors="0" timestamp="2022-11-17T11:36:39 IST" skipped="0">
  <testcase classname="org.javaprogrammings.FandSMinNo" name="minimun" time="0.018"/>
  <system-out/>
</testsuite> <!-- org.javaprogrammings.FandSMinNo -->
