<?xml version="1.0" encoding="UTF-8"?>
<!-- Generated by org.testng.reporters.JUnitReportReporter -->
<testsuite hostname="SHALIVAN-KHANDRE" failures="0" tests="1" name="stringPrograms.Segrigation" time="0.018" errors="0" timestamp="2023-03-05T13:12:03 IST" skipped="0">
  <testcase classname="stringPrograms.Segrigation" name="sagrigate" time="0.018"/>
  <system-out/>
</testsuite> <!-- stringPrograms.Segrigation -->
