<?xml version="1.0" encoding="UTF-8"?>
<!-- Generated by org.testng.reporters.JUnitReportReporter -->
<testsuite hostname="SHALIVAN-KHANDRE" failures="0" tests="4" name="org.javaprogrammings.BubbleSort" time="0.029" errors="0" timestamp="2022-10-06T12:46:59 IST" skipped="0">
  <testcase classname="org.javaprogrammings.BubbleSort" name="sort" time="0.017"/>
  <system-out/>
  <testcase classname="org.javaprogrammings.BubbleSort" name="sort3" time="0.003"/>
  <system-out/>
  <testcase classname="org.javaprogrammings.BubbleSort" name="sort2" time="0.002"/>
  <system-out/>
  <testcase classname="org.javaprogrammings.BubbleSort" name="sort1" time="0.007"/>
  <system-out/>
</testsuite> <!-- org.javaprogrammings.BubbleSort -->
