<?xml version="1.0" encoding="UTF-8"?>
<!-- Generated by org.testng.reporters.JUnitReportReporter -->
<testsuite hostname="SHALIVAN-KHANDRE" failures="0" tests="1" name="pROGRAMs.flipkart1" time="23.585" errors="0" timestamp="2023-02-21T11:13:18 IST" skipped="0">
  <testcase classname="pROGRAMs.flipkart1" name="fp" time="23.585"/>
  <system-out/>
</testsuite> <!-- pROGRAMs.flipkart1 -->
