<?xml version="1.0" encoding="UTF-8"?>
<!-- Generated by org.testng.reporters.JUnitReportReporter -->
<testsuite hostname="SHALIVAN-KHANDRE" failures="0" tests="1" name="practice.AddWithoutUsingLoop1" time="0.015" errors="0" timestamp="2022-10-18T23:26:30 IST" skipped="0">
  <testcase classname="practice.AddWithoutUsingLoop1" name="add" time="0.015"/>
  <system-out/>
</testsuite> <!-- practice.AddWithoutUsingLoop1 -->
