<?xml version="1.0" encoding="UTF-8"?>
<!-- Generated by org.testng.reporters.JUnitReportReporter -->
<testsuite hostname="SHALIVAN-KHANDRE" failures="0" tests="1" name="javaprograms.HashsetProgram" time="0.023" errors="0" timestamp="2022-10-07T10:44:45 IST" skipped="0">
  <testcase classname="javaprograms.HashsetProgram" name="program" time="0.023"/>
  <system-out/>
</testsuite> <!-- javaprograms.HashsetProgram -->
