<?xml version="1.0" encoding="UTF-8"?>
<!-- Generated by org.testng.reporters.JUnitReportReporter -->
<testsuite hostname="SHALIVAN-KHANDRE" failures="0" tests="1" name="org.patterns.Pattern2" time="0.017" errors="0" timestamp="2022-10-18T23:28:55 IST" skipped="0">
  <testcase classname="org.patterns.Pattern2" name="main" time="0.017"/>
  <system-out/>
</testsuite> <!-- org.patterns.Pattern2 -->
