<?xml version="1.0" encoding="UTF-8"?>
<!-- Generated by org.testng.reporters.JUnitReportReporter -->
<testsuite hostname="SHALIVAN-KHANDRE" failures="0" tests="2" name="org.javaprogrammings.SwapThroughUsingvariable" time="0.020" errors="0" timestamp="2022-10-06T11:54:41 IST" skipped="0">
  <testcase classname="org.javaprogrammings.SwapThroughUsingvariable" name="main" time="0.017"/>
  <system-out/>
  <testcase classname="org.javaprogrammings.SwapThroughUsingvariable" name="main1" time="0.003"/>
  <system-out/>
</testsuite> <!-- org.javaprogrammings.SwapThroughUsingvariable -->
