<?xml version="1.0" encoding="UTF-8"?>
<!-- Generated by org.testng.reporters.JUnitReportReporter -->
<testsuite hostname="SHALIVAN-KHANDRE" failures="0" tests="1" name="pROGRAMs.String123" time="0.021" errors="0" timestamp="2023-03-05T20:58:35 IST" skipped="0">
  <testcase classname="pROGRAMs.String123" name="string" time="0.021"/>
  <system-out/>
</testsuite> <!-- pROGRAMs.String123 -->
