<?xml version="1.0" encoding="UTF-8"?>
<!-- Generated by org.testng.reporters.JUnitReportReporter -->
<testsuite hostname="SHALIVAN-KHANDRE" failures="0" tests="1" name="practice.Pattern" time="0.016" errors="0" timestamp="2022-10-18T20:49:45 IST" skipped="0">
  <testcase classname="practice.Pattern" name="main" time="0.016"/>
  <system-out/>
</testsuite> <!-- practice.Pattern -->
