<?xml version="1.0" encoding="UTF-8"?>
<!-- Generated by org.testng.reporters.JUnitReportReporter -->
<testsuite hostname="SHALIVAN-KHANDRE" failures="0" tests="1" name="practice.AddNoInGivenString" time="0.016" errors="0" timestamp="2022-10-18T17:53:10 IST" skipped="0">
  <testcase classname="practice.AddNoInGivenString" name="add" time="0.016"/>
  <system-out/>
</testsuite> <!-- practice.AddNoInGivenString -->
