<?xml version="1.0" encoding="UTF-8"?>
<!-- Generated by org.testng.reporters.JUnitReportReporter -->
<testsuite hostname="SHALIVAN-KHANDRE" failures="0" tests="1" name="org.javaprogrammings.FirstMinWithoutSorting" time="0.016" errors="0" timestamp="2022-10-06T14:45:15 IST" skipped="0">
  <testcase classname="org.javaprogrammings.FirstMinWithoutSorting" name="FirstMin" time="0.016"/>
  <system-out/>
</testsuite> <!-- org.javaprogrammings.FirstMinWithoutSorting -->
