<?xml version="1.0" encoding="UTF-8"?>
<!-- Generated by org.testng.reporters.JUnitReportReporter -->
<testsuite hostname="SHALIVAN-KHANDRE" failures="0" tests="1" name="pROGRAMs.lowerupper" time="0.017" errors="0" timestamp="2023-02-20T12:45:30 IST" skipped="0">
  <testcase classname="pROGRAMs.lowerupper" name="uplp" time="0.017"/>
  <system-out/>
</testsuite> <!-- pROGRAMs.lowerupper -->
