<?xml version="1.0" encoding="UTF-8"?>
<!-- Generated by org.testng.reporters.JUnitReportReporter -->
<testsuite hostname="SHALIVAN-KHANDRE" failures="0" tests="2" name="org.javaprogrammings.SumofThreeMaxNum" time="0.020" errors="0" timestamp="2022-10-06T13:13:19 IST" skipped="0">
  <testcase classname="org.javaprogrammings.SumofThreeMaxNum" name="firstThreeMinSum" time="0.003"/>
  <system-out/>
  <testcase classname="org.javaprogrammings.SumofThreeMaxNum" name="firstThreeMaxSum" time="0.017"/>
  <system-out/>
</testsuite> <!-- org.javaprogrammings.SumofThreeMaxNum -->
