<?xml version="1.0" encoding="UTF-8"?>
<!-- Generated by org.testng.reporters.JUnitReportReporter -->
<testsuite hostname="SHALIVAN-KHANDRE" failures="0" tests="1" name="practice.Count" time="0.027" errors="0" timestamp="2023-03-05T20:27:56 IST" skipped="0">
  <testcase classname="practice.Count" name="main" time="0.027"/>
  <system-out/>
</testsuite> <!-- practice.Count -->
