<?xml version="1.0" encoding="UTF-8"?>
<!-- Generated by org.testng.reporters.JUnitReportReporter -->
<testsuite hostname="SHALIVAN-KHANDRE" failures="0" tests="1" name="stringPrograms.SumOfTwoIntegerInaString" time="0.025" errors="0" timestamp="2023-03-05T12:35:15 IST" skipped="0">
  <testcase classname="stringPrograms.SumOfTwoIntegerInaString" name="main" time="0.025"/>
  <system-out/>
</testsuite> <!-- stringPrograms.SumOfTwoIntegerInaString -->
