<?xml version="1.0" encoding="UTF-8"?>
<!-- Generated by org.testng.reporters.JUnitReportReporter -->
<testsuite hostname="SHALIVAN-KHANDRE" failures="0" tests="3" name="stringPrograms.FindTheLengthInStringArray" time="0.028" errors="0" timestamp="2022-12-29T15:16:01 IST" skipped="0">
  <testcase classname="stringPrograms.FindTheLengthInStringArray" name="search" time="0.006"/>
  <system-out/>
  <testcase classname="stringPrograms.FindTheLengthInStringArray" name="main" time="0.003"/>
  <system-out/>
  <testcase classname="stringPrograms.FindTheLengthInStringArray" name="find" time="0.019"/>
  <system-out/>
</testsuite> <!-- stringPrograms.FindTheLengthInStringArray -->
