<?xml version="1.0" encoding="UTF-8"?>
<!-- Generated by org.testng.reporters.JUnitReportReporter -->
<testsuite hostname="SHALIVAN-KHANDRE" failures="0" tests="1" name="javaprograms.RemoveDuplicatesFromArray" time="0.019" errors="0" timestamp="2022-11-17T11:31:12 IST" skipped="0">
  <testcase classname="javaprograms.RemoveDuplicatesFromArray" name="removeDuplicates" time="0.019"/>
  <system-out/>
</testsuite> <!-- javaprograms.RemoveDuplicatesFromArray -->
