<?xml version="1.0" encoding="UTF-8"?>
<!-- Generated by org.testng.reporters.JUnitReportReporter -->
<testsuite hostname="SHALIVAN-KHANDRE" failures="0" tests="1" name="stringPrograms.OrderOfOccuranceInWords" time="0.023" errors="0" timestamp="2023-02-11T23:12:42 IST" skipped="0">
  <testcase classname="stringPrograms.OrderOfOccuranceInWords" name="orderOfOuurance" time="0.023"/>
  <system-out/>
</testsuite> <!-- stringPrograms.OrderOfOccuranceInWords -->
