<?xml version="1.0" encoding="UTF-8"?>
<!-- Generated by org.testng.reporters.JUnitReportReporter -->
<testsuite hostname="SHALIVAN-KHANDRE" failures="0" tests="1" name="stringPrograms.PrintDuplicateswithCount" time="0.022" errors="0" timestamp="2023-02-11T23:10:25 IST" skipped="0">
  <testcase classname="stringPrograms.PrintDuplicateswithCount" name="PrintDuplicatewithCount" time="0.022"/>
  <system-out/>
</testsuite> <!-- stringPrograms.PrintDuplicateswithCount -->
