<?xml version="1.0" encoding="UTF-8"?>
<!-- Generated by org.testng.reporters.JUnitReportReporter -->
<testsuite hostname="SHALIVAN-KHANDRE" failures="0" tests="1" name="stringPrograms.Fibosiries" time="0.016" errors="0" timestamp="2022-10-11T16:20:40 IST" skipped="0">
  <testcase classname="stringPrograms.Fibosiries" name="main" time="0.016"/>
  <system-out/>
</testsuite> <!-- stringPrograms.Fibosiries -->
