<?xml version="1.0" encoding="UTF-8"?>
<!-- Generated by org.testng.reporters.JUnitReportReporter -->
<testsuite hostname="SHALIVAN-KHANDRE" failures="0" tests="1" name="stringPrograms.PositionWithoutDuplicates" time="0.022" errors="0" timestamp="2023-02-11T23:19:39 IST" skipped="0">
  <testcase classname="stringPrograms.PositionWithoutDuplicates" name="printUniqueValues" time="0.022"/>
  <system-out/>
</testsuite> <!-- stringPrograms.PositionWithoutDuplicates -->
