<?xml version="1.0" encoding="UTF-8"?>
<!-- Generated by org.testng.reporters.JUnitReportReporter -->
<testsuite hostname="SHALIVAN-KHANDRE" failures="0" tests="1" name="pROGRAMs.RemoveDup" time="0.019" errors="0" timestamp="2023-03-03T19:02:26 IST" skipped="0">
  <testcase classname="pROGRAMs.RemoveDup" name="withou" time="0.019"/>
  <system-out/>
</testsuite> <!-- pROGRAMs.RemoveDup -->
