<?xml version="1.0" encoding="UTF-8"?>
<!-- Generated by org.testng.reporters.JUnitReportReporter -->
<testsuite hostname="SHALIVAN-KHANDRE" failures="0" tests="2" name="stringPrograms.ConcatinateString" time="0.045" errors="0" timestamp="2022-12-12T11:28:19 IST" skipped="0">
  <testcase classname="stringPrograms.ConcatinateString" name="String" time="0.041"/>
  <system-out/>
  <testcase classname="stringPrograms.ConcatinateString" name="main" time="0.004"/>
  <system-out/>
</testsuite> <!-- stringPrograms.ConcatinateString -->
