<?xml version="1.0" encoding="UTF-8"?>
<!-- Generated by org.testng.reporters.JUnitReportReporter -->
<testsuite hostname="SHALIVAN-KHANDRE" failures="0" tests="1" name="org.patterns.Pattern5555544" time="0.017" errors="0" timestamp="2022-10-12T12:42:03 IST" skipped="0">
  <testcase classname="org.patterns.Pattern5555544" name="main" time="0.017"/>
  <system-out/>
</testsuite> <!-- org.patterns.Pattern5555544 -->
