<?xml version="1.0" encoding="UTF-8"?>
<!-- Generated by org.testng.reporters.JUnitReportReporter -->
<testsuite hostname="SHALIVAN-KHANDRE" failures="0" tests="1" name="org.javaprogrammings.FirstAndSecondMaxWithDuplicates" time="0.021" errors="0" timestamp="2023-01-27T11:40:30 IST" skipped="0">
  <testcase classname="org.javaprogrammings.FirstAndSecondMaxWithDuplicates" name="FirstAndSecondMax" time="0.021"/>
  <system-out/>
</testsuite> <!-- org.javaprogrammings.FirstAndSecondMaxWithDuplicates -->
