<?xml version="1.0" encoding="UTF-8"?>
<!-- Generated by org.testng.reporters.JUnitReportReporter -->
<testsuite hostname="SHALIVAN-KHANDRE" failures="0" tests="1" name="pROGRAMs.SEGGREGATION" time="0.018" errors="0" timestamp="2023-02-07T12:55:21 IST" skipped="0">
  <testcase classname="pROGRAMs.SEGGREGATION" name="seg" time="0.018"/>
  <system-out/>
</testsuite> <!-- pROGRAMs.SEGGREGATION -->
