<?xml version="1.0" encoding="UTF-8"?>
<!-- Generated by org.testng.reporters.JUnitReportReporter -->
<testsuite hostname="SHALIVAN-KHANDRE" failures="0" tests="1" name="stringPrograms.ToPrintUniqueValues" time="0.015" errors="0" timestamp="2022-10-10T12:44:09 IST" skipped="0">
  <testcase classname="stringPrograms.ToPrintUniqueValues" name="printUniqueValues" time="0.015"/>
  <system-out/>
</testsuite> <!-- stringPrograms.ToPrintUniqueValues -->
