<?xml version="1.0" encoding="UTF-8"?>
<!-- Generated by org.testng.reporters.JUnitReportReporter -->
<testsuite hostname="SHALIVAN-KHANDRE" failures="0" tests="1" name="org.patterns.Print54321" time="0.017" errors="0" timestamp="2022-10-12T12:41:17 IST" skipped="0">
  <testcase classname="org.patterns.Print54321" name="main" time="0.017"/>
  <system-out/>
</testsuite> <!-- org.patterns.Print54321 -->
