<?xml version="1.0" encoding="UTF-8"?>
<!-- Generated by org.testng.reporters.JUnitReportReporter -->
<testsuite hostname="SHALIVAN-KHANDRE" failures="0" tests="1" name="org.javaprogrammings.Seperate" time="0.017" errors="0" timestamp="2022-10-06T20:54:45 IST" skipped="0">
  <testcase classname="org.javaprogrammings.Seperate" name="seperate" time="0.017"/>
  <system-out/>
</testsuite> <!-- org.javaprogrammings.Seperate -->
