<?xml version="1.0" encoding="UTF-8"?>
<!-- Generated by org.testng.reporters.JUnitReportReporter -->
<testsuite hostname="SHALIVAN-KHANDRE" failures="0" tests="1" name="pROGRAMs.countchar" time="0.014" errors="0" timestamp="2023-02-15T23:50:21 IST" skipped="0">
  <testcase classname="pROGRAMs.countchar" name="count" time="0.014"/>
  <system-out/>
</testsuite> <!-- pROGRAMs.countchar -->
