<?xml version="1.0" encoding="UTF-8"?>
<!-- Generated by org.testng.reporters.JUnitReportReporter -->
<testsuite hostname="SHALIVAN-KHANDRE" failures="0" tests="1" name="stringPrograms.FindSuminGivenString" time="0.020" errors="0" timestamp="2023-02-06T15:42:12 IST" skipped="0">
  <testcase classname="stringPrograms.FindSuminGivenString" name="main" time="0.020"/>
  <system-out/>
</testsuite> <!-- stringPrograms.FindSuminGivenString -->
