<?xml version="1.0" encoding="UTF-8"?>
<!-- Generated by org.testng.reporters.JUnitReportReporter -->
<testsuite hostname="SHALIVAN-KHANDRE" failures="0" tests="1" name="stringPrograms.PositionOfEachCharacter" time="0.017" errors="0" timestamp="2023-03-10T18:21:54 IST" skipped="0">
  <testcase classname="stringPrograms.PositionOfEachCharacter" name="printUniqueValues" time="0.017"/>
  <system-out/>
</testsuite> <!-- stringPrograms.PositionOfEachCharacter -->
