<?xml version="1.0" encoding="UTF-8"?>
<!-- Generated by org.testng.reporters.JUnitReportReporter -->
<testsuite hostname="SHALIVAN-KHANDRE" failures="0" tests="1" name="stringPrograms.RemoveDuplicatesInAmArray" time="0.062" errors="0" timestamp="2023-02-09T10:55:42 IST" skipped="0">
  <testcase classname="stringPrograms.RemoveDuplicatesInAmArray" name="orderOfOcuurance" time="0.062"/>
  <system-out/>
</testsuite> <!-- stringPrograms.RemoveDuplicatesInAmArray -->
