<?xml version="1.0" encoding="UTF-8"?>
<!-- Generated by org.testng.reporters.JUnitReportReporter -->
<testsuite hostname="SHALIVAN-KHANDRE" failures="0" tests="1" name="org.patterns.Pattern123" time="0.016" errors="0" timestamp="2023-02-15T23:55:24 IST" skipped="0">
  <testcase classname="org.patterns.Pattern123" name="main" time="0.016"/>
  <system-out/>
</testsuite> <!-- org.patterns.Pattern123 -->
