<?xml version="1.0" encoding="UTF-8"?>
<!-- Generated by org.testng.reporters.JUnitReportReporter -->
<testsuite hostname="SHALIVAN-KHANDRE" failures="0" tests="1" name="org.patterns.Pattern1122" time="0.015" errors="0" timestamp="2023-02-15T23:54:39 IST" skipped="0">
  <testcase classname="org.patterns.Pattern1122" name="main" time="0.015"/>
  <system-out/>
</testsuite> <!-- org.patterns.Pattern1122 -->
