<?xml version="1.0" encoding="UTF-8"?>
<!-- Generated by org.testng.reporters.JUnitReportReporter -->
<testsuite hostname="SHALIVAN-KHANDRE" failures="0" tests="2" name="practice.AddTwoArray" time="0.022" errors="0" timestamp="2022-10-12T22:24:52 IST" skipped="0">
  <testcase classname="practice.AddTwoArray" name="main1" time="0.004"/>
  <system-out/>
  <testcase classname="practice.AddTwoArray" name="main" time="0.018"/>
  <system-out/>
</testsuite> <!-- practice.AddTwoArray -->
