<?xml version="1.0" encoding="UTF-8"?>
<!-- Generated by org.testng.reporters.JUnitReportReporter -->
<testsuite hostname="SHALIVAN-KHANDRE" failures="0" tests="1" name="org.patterns.EqualtrianglePattern" time="0.018" errors="0" timestamp="2023-02-15T23:52:43 IST" skipped="0">
  <testcase classname="org.patterns.EqualtrianglePattern" name="main" time="0.018"/>
  <system-out/>
</testsuite> <!-- org.patterns.EqualtrianglePattern -->
