<?xml version="1.0" encoding="UTF-8"?>
<!-- Generated by org.testng.reporters.JUnitReportReporter -->
<testsuite hostname="SHALIVAN-KHANDRE" failures="0" tests="1" name="stringPrograms.FindMaxLengthInStringArray" time="0.018" errors="0" timestamp="2022-11-11T10:31:31 IST" skipped="0">
  <testcase classname="stringPrograms.FindMaxLengthInStringArray" name="main" time="0.018"/>
  <system-out/>
</testsuite> <!-- stringPrograms.FindMaxLengthInStringArray -->
