<?xml version="1.0" encoding="UTF-8"?>
<!-- Generated by org.testng.reporters.JUnitReportReporter -->
<testsuite hostname="SHALIVAN-KHANDRE" failures="0" tests="1" name="stringPrograms.RemoveDuplicateWordss" time="0.016" errors="0" timestamp="2022-10-10T15:43:09 IST" skipped="0">
  <testcase classname="stringPrograms.RemoveDuplicateWordss" name="remove" time="0.016"/>
  <system-out/>
</testsuite> <!-- stringPrograms.RemoveDuplicateWordss -->
