<?xml version="1.0" encoding="UTF-8"?>
<!-- Generated by org.testng.reporters.JUnitReportReporter -->
<testsuite hostname="SHALIVAN-KHANDRE" failures="0" tests="1" name="pROGRAMs.STRINGARRAY" time="0.032" errors="0" timestamp="2023-02-07T12:00:11 IST" skipped="0">
  <testcase classname="pROGRAMs.STRINGARRAY" name="string" time="0.032"/>
  <system-out/>
</testsuite> <!-- pROGRAMs.STRINGARRAY -->
