<?xml version="1.0" encoding="UTF-8"?>
<!-- Generated by org.testng.reporters.JUnitReportReporter -->
<testsuite hostname="SHALIVAN-KHANDRE" failures="0" tests="1" name="pROGRAMs.stringrev" time="0.018" errors="0" timestamp="2023-02-13T00:00:26 IST" skipped="0">
  <testcase classname="pROGRAMs.stringrev" name="stringrev4" time="0.018"/>
  <system-out/>
</testsuite> <!-- pROGRAMs.stringrev -->
