<?xml version="1.0" encoding="UTF-8"?>
<!-- Generated by org.testng.reporters.JUnitReportReporter -->
<testsuite hostname="SHALIVAN-KHANDRE" failures="0" tests="1" name="org.javaprogrammings.FirstAndSecondMaxWithoutSort" time="0.019" errors="0" timestamp="2022-10-06T19:31:06 IST" skipped="0">
  <testcase classname="org.javaprogrammings.FirstAndSecondMaxWithoutSort" name="FirstAndSecondMax" time="0.019"/>
  <system-out/>
</testsuite> <!-- org.javaprogrammings.FirstAndSecondMaxWithoutSort -->
