<?xml version="1.0" encoding="UTF-8"?>
<!-- Generated by org.testng.reporters.JUnitReportReporter -->
<testsuite hostname="SHALIVAN-KHANDRE" failures="0" tests="1" name="api.practice.PlayerRanking" time="13.366" errors="0" timestamp="2022-10-17T21:48:20 IST" skipped="0">
  <testcase classname="api.practice.PlayerRanking" name="rankingDropdown" time="13.366"/>
  <system-out/>
</testsuite> <!-- api.practice.PlayerRanking -->
