<?xml version="1.0" encoding="UTF-8"?>
<!-- Generated by org.testng.reporters.JUnitReportReporter -->
<testsuite hostname="SHALIVAN-KHANDRE" failures="0" tests="1" name="pROGRAMs.OWELS" time="0.021" errors="0" timestamp="2023-02-15T22:26:23 IST" skipped="0">
  <testcase classname="pROGRAMs.OWELS" name="ovels" time="0.021"/>
  <system-out/>
</testsuite> <!-- pROGRAMs.OWELS -->
