<?xml version="1.0" encoding="UTF-8"?>
<!-- Generated by org.testng.reporters.JUnitReportReporter -->
<testsuite hostname="SHALIVAN-KHANDRE" failures="0" tests="1" name="javaprograms.SortedSetProgram" time="0.021" errors="0" timestamp="2022-10-07T11:23:56 IST" skipped="0">
  <testcase classname="javaprograms.SortedSetProgram" name="Sorted" time="0.021"/>
  <system-out/>
</testsuite> <!-- javaprograms.SortedSetProgram -->
