<?xml version="1.0" encoding="UTF-8"?>
<!-- Generated by org.testng.reporters.JUnitReportReporter -->
<testsuite hostname="SHALIVAN-KHANDRE" failures="0" tests="1" name="stringPrograms.substring" time="0.021" errors="0" timestamp="2023-03-05T21:22:29 IST" skipped="0">
  <testcase classname="stringPrograms.substring" name="str" time="0.021"/>
  <system-out/>
</testsuite> <!-- stringPrograms.substring -->
