<?xml version="1.0" encoding="UTF-8"?>
<!-- Generated by org.testng.reporters.JUnitReportReporter -->
<testsuite hostname="SHALIVAN-KHANDRE" failures="0" tests="1" name="org.patterns.PritntAbcd" time="0.074" errors="0" timestamp="2023-02-17T13:08:41 IST" skipped="0">
  <testcase classname="org.patterns.PritntAbcd" name="main" time="0.074"/>
  <system-out/>
</testsuite> <!-- org.patterns.PritntAbcd -->
