<?xml version="1.0" encoding="UTF-8"?>
<!-- Generated by org.testng.reporters.JUnitReportReporter -->
<testsuite hostname="SHALIVAN-KHANDRE" failures="0" tests="1" name="pROGRAMs.patternprogram" time="0.981" errors="0" timestamp="2023-02-17T12:59:58 IST" skipped="0">
  <testcase classname="pROGRAMs.patternprogram" name="string" time="0.981"/>
  <system-out/>
</testsuite> <!-- pROGRAMs.patternprogram -->
