<?xml version="1.0" encoding="UTF-8"?>
<!-- Generated by org.testng.reporters.JUnitReportReporter -->
<testsuite hostname="SHALIVAN-KHANDRE" failures="0" tests="1" name="javaprograms.LinkedHashSet" time="0.016" errors="0" timestamp="2022-10-07T10:59:42 IST" skipped="0">
  <testcase classname="javaprograms.LinkedHashSet" name="program" time="0.016"/>
  <system-out/>
</testsuite> <!-- javaprograms.LinkedHashSet -->
