<?xml version="1.0" encoding="UTF-8"?>
<!-- Generated by org.testng.reporters.JUnitReportReporter -->
<testsuite hostname="SHALIVAN-KHANDRE" failures="0" tests="1" name="stringPrograms.ToprintPositionWithUnique" time="0.016" errors="0" timestamp="2022-10-19T10:43:11 IST" skipped="0">
  <testcase classname="stringPrograms.ToprintPositionWithUnique" name="printUniqueValues" time="0.016"/>
  <system-out/>
</testsuite> <!-- stringPrograms.ToprintPositionWithUnique -->
