<?xml version="1.0" encoding="UTF-8"?>
<!-- Generated by org.testng.reporters.JUnitReportReporter -->
<testsuite hostname="SHALIVAN-KHANDRE" failures="0" tests="1" name="org.javaprogrammings.Special" time="3.587" errors="0" timestamp="2022-10-07T10:29:26 IST" skipped="0">
  <testcase classname="org.javaprogrammings.Special" name="test" time="3.587"/>
  <system-out/>
</testsuite> <!-- org.javaprogrammings.Special -->
