<?xml version="1.0" encoding="UTF-8"?>
<!-- Generated by org.testng.reporters.JUnitReportReporter -->
<testsuite hostname="SHALIVAN-KHANDRE" failures="0" tests="1" name="stringPrograms.RemoveduplicatesInaString" time="0.015" errors="0" timestamp="2023-02-08T00:01:21 IST" skipped="0">
  <testcase classname="stringPrograms.RemoveduplicatesInaString" name="Duplicate" time="0.015"/>
  <system-out/>
</testsuite> <!-- stringPrograms.RemoveduplicatesInaString -->
