<?xml version="1.0" encoding="UTF-8"?>
<!-- Generated by org.testng.reporters.JUnitReportReporter -->
<testsuite hostname="SHALIVAN-KHANDRE" failures="0" tests="1" name="stringPrograms.ReverseWord" time="0.043" errors="0" timestamp="2023-02-11T23:02:27 IST" skipped="0">
  <testcase classname="stringPrograms.ReverseWord" name="reverse4" time="0.043"/>
  <system-out/>
</testsuite> <!-- stringPrograms.ReverseWord -->
