<?xml version="1.0" encoding="UTF-8"?>
<!-- Generated by org.testng.reporters.JUnitReportReporter -->
<testsuite hostname="SHALIVAN-KHANDRE" failures="0" tests="1" name="pROGRAMs.scriptfb" time="14.961" errors="0" timestamp="2023-02-16T23:04:13 IST" skipped="0">
  <testcase classname="pROGRAMs.scriptfb" name="fb" time="14.961"/>
  <system-out/>
</testsuite> <!-- pROGRAMs.scriptfb -->
