<?xml version="1.0" encoding="UTF-8"?>
<!-- Generated by org.testng.reporters.JUnitReportReporter -->
<testsuite hostname="SHALIVAN-KHANDRE" failures="0" tests="2" name="stringPrograms.ReverseW" time="0.017" errors="0" timestamp="2022-10-10T15:06:31 IST" skipped="0">
  <testcase classname="stringPrograms.ReverseW" name="reverse1" time="0.002"/>
  <system-out/>
  <testcase classname="stringPrograms.ReverseW" name="reverse" time="0.015"/>
  <system-out/>
</testsuite> <!-- stringPrograms.ReverseW -->
