<?xml version="1.0" encoding="UTF-8"?>
<!-- Generated by org.testng.reporters.JUnitReportReporter -->
<testsuite hostname="SHALIVAN-KHANDRE" failures="0" tests="1" name="practice.NumberofVowels" time="0.017" errors="0" timestamp="2023-01-24T12:21:57 IST" skipped="0">
  <testcase classname="practice.NumberofVowels" name="main1" time="0.017"/>
  <system-out/>
</testsuite> <!-- practice.NumberofVowels -->
