<?xml version="1.0" encoding="UTF-8"?>
<!-- Generated by org.testng.reporters.JUnitReportReporter -->
<testsuite hostname="SHALIVAN-KHANDRE" failures="0" tests="1" name="org.javaprogrammings.AddTwoArrayAndSplitAns" time="0.022" errors="0" timestamp="2023-01-24T12:09:42 IST" skipped="0">
  <testcase classname="org.javaprogrammings.AddTwoArrayAndSplitAns" name="main" time="0.022"/>
  <system-out/>
</testsuite> <!-- org.javaprogrammings.AddTwoArrayAndSplitAns -->
