<?xml version="1.0" encoding="UTF-8"?>
<!-- Generated by org.testng.reporters.JUnitReportReporter -->
<testsuite hostname="SHALIVAN-KHANDRE" failures="0" tests="2" name="org.javaprogrammings.MultiplicationofThreeMaxNumAndMin" time="0.021" errors="0" timestamp="2022-10-06T13:25:12 IST" skipped="0">
  <testcase classname="org.javaprogrammings.MultiplicationofThreeMaxNumAndMin" name="firstThreeMinMultiplication" time="0.004"/>
  <system-out/>
  <testcase classname="org.javaprogrammings.MultiplicationofThreeMaxNumAndMin" name="firstThreeMaxMultiplication" time="0.017"/>
  <system-out/>
</testsuite> <!-- org.javaprogrammings.MultiplicationofThreeMaxNumAndMin -->
