<?xml version="1.0" encoding="UTF-8"?>
<!-- Generated by org.testng.reporters.JUnitReportReporter -->
<testsuite hostname="SHALIVAN-KHANDRE" failures="0" tests="1" name="org.patterns.Pattern3" time="0.018" errors="0" timestamp="2022-10-12T12:36:09 IST" skipped="0">
  <testcase classname="org.patterns.Pattern3" name="main" time="0.018"/>
  <system-out/>
</testsuite> <!-- org.patterns.Pattern3 -->
