<?xml version="1.0" encoding="UTF-8"?>
<!-- Generated by org.testng.reporters.JUnitReportReporter -->
<testsuite hostname="SHALIVAN-KHANDRE" failures="0" tests="1" name="stringPrograms.FindTheMaxLengthInIntArray" time="0.017" errors="0" timestamp="2022-10-11T17:23:48 IST" skipped="0">
  <testcase classname="stringPrograms.FindTheMaxLengthInIntArray" name="main" time="0.017"/>
  <system-out/>
</testsuite> <!-- stringPrograms.FindTheMaxLengthInIntArray -->
