<?xml version="1.0" encoding="UTF-8"?>
<!-- Generated by org.testng.reporters.JUnitReportReporter -->
<testsuite hostname="SHALIVAN-KHANDRE" failures="0" tests="1" name="org.patterns.PrintEvenNumber" time="0.017" errors="0" timestamp="2022-10-12T12:55:13 IST" skipped="0">
  <testcase classname="org.patterns.PrintEvenNumber" name="main" time="0.017"/>
  <system-out/>
</testsuite> <!-- org.patterns.PrintEvenNumber -->
