<?xml version="1.0" encoding="UTF-8"?>
<!-- Generated by org.testng.reporters.JUnitReportReporter -->
<testsuite hostname="SHALIVAN-KHANDRE" failures="0" tests="1" name="stringPrograms.PrintUnique" time="0.014" errors="0" timestamp="2022-10-10T15:52:50 IST" skipped="0">
  <testcase classname="stringPrograms.PrintUnique" name="printUnique" time="0.014"/>
  <system-out/>
</testsuite> <!-- stringPrograms.PrintUnique -->
