<?xml version="1.0" encoding="UTF-8"?>
<!-- Generated by org.testng.reporters.JUnitReportReporter -->
<testsuite hostname="SHALIVAN-KHANDRE" failures="0" tests="1" name="assignment.Register" time="10.531" errors="0" timestamp="2022-10-29T19:11:59 IST" skipped="0">
  <testcase classname="assignment.Register" name="register" time="10.531"/>
  <system-out/>
</testsuite> <!-- assignment.Register -->
