<?xml version="1.0" encoding="UTF-8"?>
<!-- Generated by org.testng.reporters.JUnitReportReporter -->
<testsuite hostname="SHALIVAN-KHANDRE" failures="0" tests="1" name="stringPrograms.ToCountDuplicate" time="0.017" errors="0" timestamp="2022-11-17T15:38:02 IST" skipped="0">
  <testcase classname="stringPrograms.ToCountDuplicate" name="countDuplicate" time="0.017"/>
  <system-out/>
</testsuite> <!-- stringPrograms.ToCountDuplicate -->
