<?xml version="1.0" encoding="UTF-8"?>
<!-- Generated by org.testng.reporters.JUnitReportReporter -->
<testsuite hostname="SHALIVAN-KHANDRE" failures="0" tests="1" name="pROGRAMs.occccc" time="0.018" errors="0" timestamp="2023-03-10T18:07:14 IST" skipped="0">
  <testcase classname="pROGRAMs.occccc" name="oc3" time="0.018"/>
  <system-out/>
</testsuite> <!-- pROGRAMs.occccc -->
