<?xml version="1.0" encoding="UTF-8"?>
<!-- Generated by org.testng.reporters.JUnitReportReporter -->
<testsuite hostname="SHALIVAN-KHANDRE" failures="0" tests="1" name="org.javaprogrammings.FirstAndSecondMinWithDuplicates" time="0.020" errors="0" timestamp="2023-01-27T11:38:44 IST" skipped="0">
  <testcase classname="org.javaprogrammings.FirstAndSecondMinWithDuplicates" name="FirstAndSecondMax" time="0.020"/>
  <system-out/>
</testsuite> <!-- org.javaprogrammings.FirstAndSecondMinWithDuplicates -->
