<?xml version="1.0" encoding="UTF-8"?>
<!-- Generated by org.testng.reporters.JUnitReportReporter -->
<testsuite hostname="SHALIVAN-KHANDRE" failures="0" tests="1" name="org.patterns.PrintAbcd" time="0.021" errors="0" timestamp="2023-02-17T13:05:45 IST" skipped="0">
  <testcase classname="org.patterns.PrintAbcd" name="main" time="0.021"/>
  <system-out/>
</testsuite> <!-- org.patterns.PrintAbcd -->
