<?xml version="1.0" encoding="UTF-8"?>
<!-- Generated by org.testng.reporters.JUnitReportReporter -->
<testsuite hostname="SHALIVAN-KHANDRE" failures="0" tests="1" name="pROGRAMs.PROOO" time="0.025" errors="0" timestamp="2023-02-07T11:26:42 IST" skipped="0">
  <testcase classname="pROGRAMs.PROOO" name="num" time="0.025"/>
  <system-out/>
</testsuite> <!-- pROGRAMs.PROOO -->
