<?xml version="1.0" encoding="UTF-8"?>
<!-- Generated by org.testng.reporters.JUnitReportReporter -->
<testsuite hostname="SHALIVAN-KHANDRE" failures="0" tests="1" name="flipkart.flip" time="0.229" errors="0" timestamp="2023-02-12T09:36:47 IST" skipped="0">
  <testcase classname="flipkart.flip" name="flipkart" time="0.229"/>
  <system-out/>
</testsuite> <!-- flipkart.flip -->
